c:\users\alex\documents\visual studio 2015\projects\iandmyproblems\debug\vc140.pdb
c:\users\alex\documents\visual studio 2015\projects\iandmyproblems\debug\vc140.idb
c:\users\alex\documents\visual studio 2015\projects\iandmyproblems\debug\animation.obj
c:\users\alex\documents\visual studio 2015\projects\iandmyproblems\debug\animationmanager.obj
c:\users\alex\documents\visual studio 2015\projects\iandmyproblems\debug\booty.obj
c:\users\alex\documents\visual studio 2015\projects\iandmyproblems\debug\bullet.obj
c:\users\alex\documents\visual studio 2015\projects\iandmyproblems\debug\enemy.obj
c:\users\alex\documents\visual studio 2015\projects\iandmyproblems\debug\meteorite.obj
c:\users\alex\documents\visual studio 2015\projects\iandmyproblems\debug\essentiality.obj
c:\users\alex\documents\visual studio 2015\projects\iandmyproblems\debug\game.obj
c:\users\alex\documents\visual studio 2015\projects\iandmyproblems\debug\menu.obj
c:\users\alex\documents\visual studio 2015\projects\iandmyproblems\debug\player.obj
c:\users\alex\documents\visual studio 2015\projects\iandmyproblems\debug\score.obj
c:\users\alex\documents\visual studio 2015\projects\iandmyproblems\debug\source.obj
c:\users\alex\documents\visual studio 2015\projects\iandmyproblems\debug\iandmyproblems.pdb
c:\users\alex\documents\visual studio 2015\projects\iandmyproblems\debug\iandmyproblems.tlog\cl.command.1.tlog
c:\users\alex\documents\visual studio 2015\projects\iandmyproblems\debug\iandmyproblems.tlog\cl.read.1.tlog
c:\users\alex\documents\visual studio 2015\projects\iandmyproblems\debug\iandmyproblems.tlog\cl.write.1.tlog
c:\users\alex\documents\visual studio 2015\projects\iandmyproblems\debug\iandmyproblems.tlog\link.4832-cvtres.read.1.tlog
c:\users\alex\documents\visual studio 2015\projects\iandmyproblems\debug\iandmyproblems.tlog\link.4832-cvtres.write.1.tlog
c:\users\alex\documents\visual studio 2015\projects\iandmyproblems\debug\iandmyproblems.tlog\link.4832-rc.read.1.tlog
c:\users\alex\documents\visual studio 2015\projects\iandmyproblems\debug\iandmyproblems.tlog\link.4832-rc.write.1.tlog
c:\users\alex\documents\visual studio 2015\projects\iandmyproblems\debug\iandmyproblems.tlog\link.4832.read.1.tlog
c:\users\alex\documents\visual studio 2015\projects\iandmyproblems\debug\iandmyproblems.tlog\link.4832.write.1.tlog
c:\users\alex\documents\visual studio 2015\projects\iandmyproblems\debug\iandmyproblems.tlog\link.command.1.tlog
c:\users\alex\documents\visual studio 2015\projects\iandmyproblems\debug\iandmyproblems.tlog\link.read.1.tlog
c:\users\alex\documents\visual studio 2015\projects\iandmyproblems\debug\iandmyproblems.tlog\link.write.1.tlog
