  Game.cpp
c:\users\alex\documents\visual studio 2015\projects\iandmyproblems\animationmanager.h(20): warning C4244: '=': conversion from 'int' to 'float', possible loss of data
c:\users\alex\documents\visual studio 2015\projects\iandmyproblems\game.cpp(52): warning C4305: 'argument': truncation from 'double' to 'float'
c:\users\alex\documents\visual studio 2015\projects\iandmyproblems\game.cpp(53): warning C4305: 'argument': truncation from 'double' to 'float'
c:\users\alex\documents\visual studio 2015\projects\iandmyproblems\game.cpp(54): warning C4305: 'argument': truncation from 'double' to 'float'
c:\users\alex\documents\visual studio 2015\projects\iandmyproblems\game.cpp(57): warning C4305: 'argument': truncation from 'double' to 'float'
c:\users\alex\documents\visual studio 2015\projects\iandmyproblems\game.cpp(58): warning C4305: 'argument': truncation from 'double' to 'float'
c:\users\alex\documents\visual studio 2015\projects\iandmyproblems\game.cpp(62): warning C4305: 'argument': truncation from 'double' to 'float'
c:\users\alex\documents\visual studio 2015\projects\iandmyproblems\game.cpp(65): warning C4305: 'argument': truncation from 'double' to 'float'
c:\users\alex\documents\visual studio 2015\projects\iandmyproblems\game.cpp(69): warning C4305: 'argument': truncation from 'double' to 'float'
c:\users\alex\documents\visual studio 2015\projects\iandmyproblems\game.cpp(71): warning C4305: 'argument': truncation from 'double' to 'float'
c:\users\alex\documents\visual studio 2015\projects\iandmyproblems\game.cpp(72): warning C4305: 'argument': truncation from 'double' to 'float'
c:\users\alex\documents\visual studio 2015\projects\iandmyproblems\game.cpp(88): warning C4244: 'argument': conversion from 'int' to 'float', possible loss of data
c:\users\alex\documents\visual studio 2015\projects\iandmyproblems\game.cpp(96): warning C4244: 'argument': conversion from 'int' to 'float', possible loss of data
c:\users\alex\documents\visual studio 2015\projects\iandmyproblems\game.cpp(105): warning C4244: 'initializing': conversion from 'sf::Int64' to 'float', possible loss of data
c:\users\alex\documents\visual studio 2015\projects\iandmyproblems\game.cpp(138): warning C4018: '<': signed/unsigned mismatch
c:\users\alex\documents\visual studio 2015\projects\iandmyproblems\game.cpp(140): warning C4244: 'argument': conversion from 'int' to 'float', possible loss of data
c:\users\alex\documents\visual studio 2015\projects\iandmyproblems\game.cpp(146): warning C4244: 'argument': conversion from 'int' to 'float', possible loss of data
  Generating Code...
  Skipping... (no relevant changes detected)
  Player.cpp
  Enemy.cpp
  IandMyProblems.vcxproj -> C:\Users\Alex\Documents\Visual Studio 2015\Projects\IandMyProblems\Debug\IandMyProblems.exe
  IandMyProblems.vcxproj -> C:\Users\Alex\Documents\Visual Studio 2015\Projects\IandMyProblems\Debug\IandMyProblems.pdb (Partial PDB)
